#
# There is insufficient memory for the Java Runtime Environment to continue.
# Native memory allocation (mmap) failed to map 130023424 bytes for G1 virtual space
# Possible reasons:
#   The system is out of physical RAM or swap space
#   The process is running with CompressedOops enabled, and the Java Heap may be blocking the growth of the native heap
# Possible solutions:
#   Reduce memory load on the system
#   Increase physical memory or swap space
#   Check if swap backing store is full
#   Decrease Java heap size (-Xmx/-Xms)
#   Decrease number of Java threads
#   Decrease Java thread stack sizes (-Xss)
#   Set larger code cache with -XX:ReservedCodeCacheSize=
#   JVM is running with Unscaled Compressed Oops mode in which the Java heap is
#     placed in the first 4GB address space. The Java Heap base address is the
#     maximum limit for the native heap growth. Please use -XX:HeapBaseMinAddress
#     to set the Java Heap base and to place the Java Heap above 4GB virtual address.
# This output file may be truncated or incomplete.
#
#  Out of Memory Error (os_windows.cpp:3528), pid=13132, tid=20076
#
# JRE version:  (20.0.2+9) (build )
# Java VM: Java HotSpot(TM) 64-Bit Server VM (20.0.2+9-78, mixed mode, sharing, tiered, compressed oops, compressed class ptrs, g1 gc, windows-amd64)
# No core dump will be written. Minidumps are not enabled by default on client versions of Windows
#

---------------  S U M M A R Y ------------

Command Line: com.bankmanagementsystem.gui.Dashboard

Host: Intel(R) Core(TM) i5-4200M CPU @ 2.50GHz, 4 cores, 7G,  Windows 10 , 64 bit Build 19041 (10.0.19041.5794)
Time: Thu May 22 00:41:02 2025 Pakistan Standard Time elapsed time: 0.017456 seconds (0d 0h 0m 0s)

---------------  T H R E A D  ---------------

Current thread (0x0000017e014aff60):  JavaThread "Unknown thread" [_thread_in_vm, id=20076, stack(0x000000074f500000,0x000000074f600000)]

Stack: [0x000000074f500000,0x000000074f600000]
Native frames: (J=compiled Java code, j=interpreted, Vv=VM code, C=native code)
V  [jvm.dll+0x6bc25a]
V  [jvm.dll+0x84971a]
V  [jvm.dll+0x84b315]
V  [jvm.dll+0x84ba13]
V  [jvm.dll+0x280e4f]
V  [jvm.dll+0x6b8fe9]
V  [jvm.dll+0x6adbca]
V  [jvm.dll+0x35b165]
V  [jvm.dll+0x363386]
V  [jvm.dll+0x3b400e]
V  [jvm.dll+0x3b4295]
V  [jvm.dll+0x32b86a]
V  [jvm.dll+0x32c68b]
V  [jvm.dll+0x8123df]
V  [jvm.dll+0x3c1261]
V  [jvm.dll+0x7fe103]
V  [jvm.dll+0x44ccaf]
V  [jvm.dll+0x44e621]
C  [jli.dll+0x5287]
C  [ucrtbase.dll+0x21bb2]
C  [KERNEL32.DLL+0x17374]
C  [ntdll.dll+0x4cc91]


---------------  P R O C E S S  ---------------

Threads class SMR info:
_java_thread_list=0x00007ffb58beb118, length=0, elements={
}

Java Threads: ( => current thread )

Other Threads:
  0x0000017e0150c330 WorkerThread "GC Thread#0" [stack: 0x000000074f600000,0x000000074f700000] [id=17336]
  0x0000017e0151c770 ConcurrentGCThread "G1 Main Marker" [stack: 0x000000074f700000,0x000000074f800000] [id=648]
  0x0000017e0151d750 WorkerThread "G1 Conc#0" [stack: 0x000000074f800000,0x000000074f900000] [id=11764]

[error occurred during error reporting (printing all threads), id 0xc0000005, EXCEPTION_ACCESS_VIOLATION (0xc0000005) at pc=0x00007ffb583ceea7]
VM state: not at safepoint (not fully initialized)

VM Mutex/Monitor currently owned by a thread:  ([mutex/lock_event])
[0x0000017e014ab260] Heap_lock - owner thread: 0x0000017e014aff60

Heap address: 0x0000000085400000, size: 1964 MB, Compressed Oops mode: 32-bit

CDS archive(s) mapped at: [0x0000000000000000-0x0000000000000000-0x0000000000000000), size 0, SharedBaseAddress: 0x0000000800000000, ArchiveRelocationMode: 1.
Narrow klass base: 0x0000000000000000, Narrow klass shift: 0, Narrow klass range: 0x0

GC Precious Log:
 CardTable entry size: 512
 Card Set container configuration: InlinePtr #cards 5 size 8 Array Of Cards #cards 12 size 40 Howl #buckets 4 coarsen threshold 1843 Howl Bitmap #cards 512 size 80 coarsen threshold 460 Card regions per heap region 1 cards per card region 2048

Heap:
 garbage-first heap   total 0K, used 0K [0x0000000085400000, 0x0000000100000000)
  region size 1024K, 0 young (0K), 0 survivors (0K)

[error occurred during error reporting (printing heap information), id 0xc0000005, EXCEPTION_ACCESS_VIOLATION (0xc0000005) at pc=0x00007ffb587a47b9]
GC Heap History (0 events):
No events

Dll operation events (1 events):
Event: 0.011 Loaded shared library C:\Program Files\Java\jdk-20\bin\java.dll

Deoptimization events (0 events):
No events

Classes loaded (0 events):
No events

Classes unloaded (0 events):
No events

Classes redefined (0 events):
No events

Internal exceptions (0 events):
No events

VM Operations (0 events):
No events

Events (0 events):
No events


Dynamic libraries:
0x00007ff72e230000 - 0x00007ff72e240000 	C:\Program Files\Java\jdk-20\bin\java.exe
0x00007ffbf86b0000 - 0x00007ffbf88a8000 	C:\WINDOWS\SYSTEM32\ntdll.dll
0x00007ffbcb740000 - 0x00007ffbcb75b000 	C:\Program Files\Avast Software\Avast\aswhook.dll
0x00007ffbf84a0000 - 0x00007ffbf8562000 	C:\WINDOWS\System32\KERNEL32.DLL
0x00007ffbf6340000 - 0x00007ffbf6636000 	C:\WINDOWS\System32\KERNELBASE.dll
0x00007ffbf5f90000 - 0x00007ffbf6090000 	C:\WINDOWS\System32\ucrtbase.dll
0x00007ffbe5c10000 - 0x00007ffbe5c29000 	C:\Program Files\Java\jdk-20\bin\jli.dll
0x00007ffbef300000 - 0x00007ffbef31b000 	C:\Program Files\Java\jdk-20\bin\VCRUNTIME140.dll
0x00007ffbf8380000 - 0x00007ffbf842f000 	C:\WINDOWS\System32\ADVAPI32.dll
0x00007ffbf82e0000 - 0x00007ffbf837e000 	C:\WINDOWS\System32\msvcrt.dll
0x00007ffbf8570000 - 0x00007ffbf860f000 	C:\WINDOWS\System32\sechost.dll
0x00007ffbf7200000 - 0x00007ffbf7323000 	C:\WINDOWS\System32\RPCRT4.dll
0x00007ffbf5de0000 - 0x00007ffbf5e07000 	C:\WINDOWS\System32\bcrypt.dll
0x00007ffbf6f80000 - 0x00007ffbf711d000 	C:\WINDOWS\System32\USER32.dll
0x00007ffbf61b0000 - 0x00007ffbf61d2000 	C:\WINDOWS\System32\win32u.dll
0x00007ffbf71d0000 - 0x00007ffbf71fb000 	C:\WINDOWS\System32\GDI32.dll
0x00007ffbe6490000 - 0x00007ffbe672a000 	C:\WINDOWS\WinSxS\amd64_microsoft.windows.common-controls_6595b64144ccf1df_6.0.19041.5794_none_60bcd33171f2783c\COMCTL32.dll
0x00007ffbf6090000 - 0x00007ffbf61aa000 	C:\WINDOWS\System32\gdi32full.dll
0x00007ffbf6640000 - 0x00007ffbf66dd000 	C:\WINDOWS\System32\msvcp_win.dll
0x00007ffbef830000 - 0x00007ffbef83a000 	C:\WINDOWS\SYSTEM32\VERSION.dll
0x00007ffbf6ee0000 - 0x00007ffbf6f0f000 	C:\WINDOWS\System32\IMM32.DLL
0x00007ffbf06d0000 - 0x00007ffbf06dc000 	C:\Program Files\Java\jdk-20\bin\vcruntime140_1.dll
0x00007ffba6af0000 - 0x00007ffba6b7e000 	C:\Program Files\Java\jdk-20\bin\msvcp140.dll
0x00007ffb58090000 - 0x00007ffb58d28000 	C:\Program Files\Java\jdk-20\bin\server\jvm.dll
0x00007ffbdb5a0000 - 0x00007ffbdb5c7000 	C:\WINDOWS\SYSTEM32\WINMM.dll
0x00007ffbe4590000 - 0x00007ffbe4599000 	C:\WINDOWS\SYSTEM32\WSOCK32.dll
0x00007ffbf6f10000 - 0x00007ffbf6f7b000 	C:\WINDOWS\System32\WS2_32.dll
0x00007ffbf3bd0000 - 0x00007ffbf3be2000 	C:\WINDOWS\SYSTEM32\kernel.appcore.dll
0x00007ffbeedf0000 - 0x00007ffbeedfa000 	C:\Program Files\Java\jdk-20\bin\jimage.dll
0x00007ffbed9e0000 - 0x00007ffbedbe1000 	C:\WINDOWS\SYSTEM32\DBGHELP.DLL
0x00007ffbed690000 - 0x00007ffbed6c4000 	C:\WINDOWS\SYSTEM32\dbgcore.DLL
0x00007ffbf5d50000 - 0x00007ffbf5dd2000 	C:\WINDOWS\System32\bcryptPrimitives.dll
0x00007ffbef0f0000 - 0x00007ffbef116000 	C:\Program Files\Java\jdk-20\bin\java.dll

dbghelp: loaded successfully - version: 4.0.5 - missing functions: none
symbol engine: initialized successfully - sym options: 0x614 - pdb path: .;C:\Program Files\Java\jdk-20\bin;C:\WINDOWS\SYSTEM32;C:\Program Files\Avast Software\Avast;C:\WINDOWS\WinSxS\amd64_microsoft.windows.common-controls_6595b64144ccf1df_6.0.19041.5794_none_60bcd33171f2783c;C:\Program Files\Java\jdk-20\bin\server

VM Arguments:
java_command: com.bankmanagementsystem.gui.Dashboard
java_class_path (initial): C:\Users\HT\Documents\NetBeansProjects\Nexus_Bank\target\classes
Launcher Type: SUN_STANDARD

[Global flags]
     intx CICompilerCount                          = 3                                         {product} {ergonomic}
     uint ConcGCThreads                            = 1                                         {product} {ergonomic}
     uint G1ConcRefinementThreads                  = 4                                         {product} {ergonomic}
   size_t G1HeapRegionSize                         = 1048576                                   {product} {ergonomic}
    uintx GCDrainStackTargetSize                   = 64                                        {product} {ergonomic}
   size_t InitialHeapSize                          = 130023424                                 {product} {ergonomic}
   size_t MarkStackSize                            = 4194304                                   {product} {ergonomic}
   size_t MaxHeapSize                              = 2059403264                                {product} {ergonomic}
   size_t MinHeapDeltaBytes                        = 1048576                                   {product} {ergonomic}
   size_t MinHeapSize                              = 8388608                                   {product} {ergonomic}
    uintx NonNMethodCodeHeapSize                   = 5832780                                {pd product} {ergonomic}
    uintx NonProfiledCodeHeapSize                  = 122912730                              {pd product} {ergonomic}
    uintx ProfiledCodeHeapSize                     = 122912730                              {pd product} {ergonomic}
    uintx ReservedCodeCacheSize                    = 251658240                              {pd product} {ergonomic}
     bool SegmentedCodeCache                       = true                                      {product} {ergonomic}
   size_t SoftMaxHeapSize                          = 2059403264                             {manageable} {ergonomic}
     bool UseCompressedClassPointers               = true                           {product lp64_product} {ergonomic}
     bool UseCompressedOops                        = true                           {product lp64_product} {ergonomic}
     bool UseG1GC                                  = true                                      {product} {ergonomic}
     bool UseLargePagesIndividualAllocation        = false                                  {pd product} {ergonomic}

Logging:
Log output configuration:
 #0: stdout all=warning uptime,level,tags foldmultilines=false
 #1: stderr all=off uptime,level,tags foldmultilines=false

Environment Variables:
JAVA_HOME=C:\Program Files\Java\jdk-20
PATH=C:\Program Files (x86)\VMware\VMware Workstation\bin\;C:\Program Files\Common Files\Oracle\Java\javapath;C:\WINDOWS\system32;C:\WINDOWS;C:\WINDOWS\System32\Wbem;C:\WINDOWS\System32\WindowsPowerShell\v1.0\;C:\WINDOWS\System32\OpenSSH\;C:\Program Files\Microsoft SQL Server\150\Tools\Binn\;C:\Users\HT\AppData\Local\Programs\Python\Python311;C:\Users\HT\AppData\Local\Programs\Python\Python311\Tools\scripts;C:\Users\HT\AppData\Local\Programs\Python\Python311\Tools\scripts;C:\Users\HT\AppData\Local\Programs\Python\Python311\Scripts;C:\Program Files (x86)\Microsoft SQL Server\160\DTS\Binn\;C:\Program Files (x86)\Microsoft SQL Server\160\Tools\Binn\;C:\Program Files\Microsoft SQL Server\160\Tools\Binn\;C:\Program Files\Microsoft SQL Server\Client SDK\ODBC\170\Tools\Binn\;C:\Program Files\Microsoft SQL Server\160\DTS\Binn\;C:\php-8.4.1;C:\Program Files\nodejs\;C:\Program Files\Git\cmd;C:\Program Files\MongoDB\Server\8.0\bin;C:\Program Files\PuTTY\;C:\Users\HT\AppData\Local\Microsoft\WindowsApps;C:\Users\HT\AppData\Local\Programs\Microsoft VS Code\bin;C:\Users\HT\AppData\Local\Programs\mongosh\;C:\Users\HT\AppData\Roaming\npm
USERNAME=HT
OS=Windows_NT
PROCESSOR_IDENTIFIER=Intel64 Family 6 Model 60 Stepping 3, GenuineIntel
TMP=C:\Users\HT\AppData\Local\Temp
TEMP=C:\Users\HT\AppData\Local\Temp




---------------  S Y S T E M  ---------------

OS:
 Windows 10 , 64 bit Build 19041 (10.0.19041.5794)
OS uptime: 0 days 12:03 hours

CPU: total 4 (initial active 4) (2 cores per cpu, 2 threads per core) family 6 model 60 stepping 3 microcode 0x27, cx8, cmov, fxsr, ht, mmx, sse, sse2, sse3, ssse3, sse4.1, sse4.2, popcnt, lzcnt, tsc, tscinvbit, avx, avx2, aes, erms, clmul, bmi1, bmi2, fma, vzeroupper, clflush, rdtscp, f16c

Memory: 4k page, system-wide physical 7849M (1077M free)
TotalPageFile size 12670M (AvailPageFile size 116M)
current process WorkingSet (physical memory assigned to process): 10M, peak: 10M
current process commit charge ("private bytes"): 52M, peak: 176M

vm_info: Java HotSpot(TM) 64-Bit Server VM (20.0.2+9-78) for windows-amd64 JRE (20.0.2+9-78), built on 2023-06-14T10:08:48Z by "mach5one" with MS VC++ 17.1 (VS2022)

END.
