#
# There is insufficient memory for the Java Runtime Environment to continue.
# Native memory allocation (malloc) failed to allocate 32784 bytes for Chunk::new
# Possible reasons:
#   The system is out of physical RAM or swap space
#   The process is running with CompressedOops enabled, and the Java Heap may be blocking the growth of the native heap
# Possible solutions:
#   Reduce memory load on the system
#   Increase physical memory or swap space
#   Check if swap backing store is full
#   Decrease Java heap size (-Xmx/-Xms)
#   Decrease number of Java threads
#   Decrease Java thread stack sizes (-Xss)
#   Set larger code cache with -XX:ReservedCodeCacheSize=
#   JVM is running with Unscaled Compressed Oops mode in which the Java heap is
#     placed in the first 4GB address space. The Java Heap base address is the
#     maximum limit for the native heap growth. Please use -XX:HeapBaseMinAddress
#     to set the Java Heap base and to place the Java Heap above 4GB virtual address.
# This output file may be truncated or incomplete.
#
#  Out of Memory Error (arena.cpp:184), pid=14828, tid=21304
#
# JRE version: Java(TM) SE Runtime Environment (20.0.2+9) (build 20.0.2+9-78)
# Java VM: Java HotSpot(TM) 64-Bit Server VM (20.0.2+9-78, mixed mode, sharing, tiered, compressed oops, compressed class ptrs, g1 gc, windows-amd64)
# No core dump will be written. Minidumps are not enabled by default on client versions of Windows
#

---------------  S U M M A R Y ------------

Command Line: com.bankmanagementsystem.gui.Dashboard

Host: Intel(R) Core(TM) i5-4200M CPU @ 2.50GHz, 4 cores, 7G,  Windows 10 , 64 bit Build 19041 (10.0.19041.5794)
Time: Thu May 22 00:20:01 2025 Pakistan Standard Time elapsed time: 327.340933 seconds (0d 0h 5m 27s)

---------------  T H R E A D  ---------------

Current thread (0x000001a420bbd7c0):  JavaThread "C2 CompilerThread0" daemon [_thread_in_native, id=21304, stack(0x0000003978d00000,0x0000003978e00000)]


Current CompileTask:
C2: 327341 1635       4       java.awt.Container::getMouseEventTarget (50 bytes)

Stack: [0x0000003978d00000,0x0000003978e00000]
Native frames: (J=compiled Java code, j=interpreted, Vv=VM code, C=native code)
V  [jvm.dll+0x6bc25a]
V  [jvm.dll+0x84971a]
V  [jvm.dll+0x84b315]
V  [jvm.dll+0x84ba13]
V  [jvm.dll+0x280e4f]
V  [jvm.dll+0xc2ab1]
V  [jvm.dll+0xc2dd5]
V  [jvm.dll+0x6e0ad5]
V  [jvm.dll+0x6e0f03]
V  [jvm.dll+0x6e2feb]
V  [jvm.dll+0x6e14ba]
V  [jvm.dll+0x2546c0]
V  [jvm.dll+0x254a4f]
V  [jvm.dll+0x24d23d]
V  [jvm.dll+0x24a819]
V  [jvm.dll+0x1ce761]
V  [jvm.dll+0x25a0eb]
V  [jvm.dll+0x2587c0]
V  [jvm.dll+0x3f2dd5]
V  [jvm.dll+0x7f5c76]
V  [jvm.dll+0x6baecb]
C  [ucrtbase.dll+0x21bb2]
C  [KERNEL32.DLL+0x17374]
C  [ntdll.dll+0x4cc91]


---------------  P R O C E S S  ---------------

Threads class SMR info:
_java_thread_list=0x000001a4674c2850, length=16, elements={
0x000001a420baa5a0, 0x000001a420bab410, 0x000001a420bb01e0, 0x000001a420bb2500,
0x000001a420bb35e0, 0x000001a420bb8b00, 0x000001a420bbd7c0, 0x000001a420bbf2a0,
0x000001a4660e43c0, 0x000001a4660efa20, 0x000001a46630af30, 0x000001a466310b70,
0x000001a466313b80, 0x000001a4675098a0, 0x000001a404bcb860, 0x000001a46774c170
}

Java Threads: ( => current thread )
  0x000001a420baa5a0 JavaThread "Reference Handler" daemon [_thread_blocked, id=3468, stack(0x0000003978700000,0x0000003978800000)]
  0x000001a420bab410 JavaThread "Finalizer" daemon [_thread_blocked, id=7876, stack(0x0000003978800000,0x0000003978900000)]
  0x000001a420bb01e0 JavaThread "Signal Dispatcher" daemon [_thread_blocked, id=14772, stack(0x0000003978900000,0x0000003978a00000)]
  0x000001a420bb2500 JavaThread "Attach Listener" daemon [_thread_blocked, id=16404, stack(0x0000003978a00000,0x0000003978b00000)]
  0x000001a420bb35e0 JavaThread "Service Thread" daemon [_thread_blocked, id=8140, stack(0x0000003978b00000,0x0000003978c00000)]
  0x000001a420bb8b00 JavaThread "Monitor Deflation Thread" daemon [_thread_blocked, id=236, stack(0x0000003978c00000,0x0000003978d00000)]
=>0x000001a420bbd7c0 JavaThread "C2 CompilerThread0" daemon [_thread_in_native, id=21304, stack(0x0000003978d00000,0x0000003978e00000)]
  0x000001a420bbf2a0 JavaThread "C1 CompilerThread0" daemon [_thread_blocked, id=20300, stack(0x0000003978e00000,0x0000003978f00000)]
  0x000001a4660e43c0 JavaThread "Notification Thread" daemon [_thread_blocked, id=19436, stack(0x0000003978f00000,0x0000003979000000)]
  0x000001a4660efa20 JavaThread "Common-Cleaner" daemon [_thread_blocked, id=15268, stack(0x0000003979100000,0x0000003979200000)]
  0x000001a46630af30 JavaThread "Java2D Disposer" daemon [_thread_blocked, id=20368, stack(0x0000003979200000,0x0000003979300000)]
  0x000001a466310b70 JavaThread "AWT-Shutdown" [_thread_blocked, id=18244, stack(0x0000003979300000,0x0000003979400000)]
  0x000001a466313b80 JavaThread "AWT-Windows" daemon [_thread_in_native, id=14860, stack(0x0000003979400000,0x0000003979500000)]
  0x000001a4675098a0 JavaThread "AWT-EventQueue-0" [_thread_blocked, id=19040, stack(0x0000003979500000,0x0000003979600000)]
  0x000001a404bcb860 JavaThread "DestroyJavaVM" [_thread_blocked, id=16296, stack(0x0000003978000000,0x0000003978100000)]
  0x000001a46774c170 JavaThread "TimerQueue" daemon [_thread_blocked, id=18972, stack(0x0000003979900000,0x0000003979a00000)]

Other Threads:
  0x000001a420b8ac70 VMThread "VM Thread" [stack: 0x0000003978600000,0x0000003978700000] [id=19428]
  0x000001a4660ebd50 WatcherThread "VM Periodic Task Thread" [stack: 0x0000003979000000,0x0000003979100000] [id=14492]
  0x000001a404c28e30 WorkerThread "GC Thread#0" [stack: 0x0000003978100000,0x0000003978200000] [id=15208]
  0x000001a404c39430 ConcurrentGCThread "G1 Main Marker" [stack: 0x0000003978200000,0x0000003978300000] [id=19180]
  0x000001a404c3a500 WorkerThread "G1 Conc#0" [stack: 0x0000003978300000,0x0000003978400000] [id=6888]
  0x000001a420a530d0 ConcurrentGCThread "G1 Refine#0" [stack: 0x0000003978400000,0x0000003978500000] [id=10764]
  0x000001a420a53a70 ConcurrentGCThread "G1 Service" [stack: 0x0000003978500000,0x0000003978600000] [id=20992]

Threads with active compile tasks:
C2 CompilerThread0   327433 1635       4       java.awt.Container::getMouseEventTarget (50 bytes)

VM state: not at safepoint (normal execution)

VM Mutex/Monitor currently owned by a thread: None

Heap address: 0x0000000085400000, size: 1964 MB, Compressed Oops mode: 32-bit

CDS archive(s) mapped at: [0x000001a421000000-0x000001a421c60000-0x000001a421c60000), size 12976128, SharedBaseAddress: 0x000001a421000000, ArchiveRelocationMode: 1.
Compressed class space mapped at: 0x000001a422000000-0x000001a462000000, reserved size: 1073741824
Narrow klass base: 0x000001a421000000, Narrow klass shift: 0, Narrow klass range: 0x100000000

GC Precious Log:
 CardTable entry size: 512
 Card Set container configuration: InlinePtr #cards 5 size 8 Array Of Cards #cards 12 size 40 Howl #buckets 4 coarsen threshold 1843 Howl Bitmap #cards 512 size 80 coarsen threshold 460 Card regions per heap region 1 cards per card region 2048
 CPUs: 4 total, 4 available
 Memory: 7849M
 Large Page Support: Disabled
 NUMA Support: Disabled
 Compressed Oops: Enabled (32-bit)
 Heap Region Size: 1M
 Heap Min Capacity: 8M
 Heap Initial Capacity: 124M
 Heap Max Capacity: 1964M
 Pre-touch: Disabled
 Parallel Workers: 4
 Concurrent Workers: 1
 Concurrent Refinement Workers: 4
 Periodic GC: Disabled

Heap:
 garbage-first heap   total 126976K, used 13312K [0x0000000085400000, 0x0000000100000000)
  region size 1024K, 12 young (12288K), 0 survivors (0K)
 Metaspace       used 10110K, committed 10368K, reserved 1114112K
  class space    used 1107K, committed 1216K, reserved 1048576K

Heap Regions: E=young(eden), S=young(survivor), O=old, HS=humongous(starts), HC=humongous(continues), CS=collection set, F=free, OA=open archive, CA=closed archive, TAMS=top-at-mark-start, PB=parsable bottom
|   0|0x0000000085400000, 0x0000000085500000, 0x0000000085500000|100%|HS|  |TAMS 0x0000000085400000| PB 0x0000000085400000| Complete 
|   1|0x0000000085500000, 0x0000000085600000, 0x0000000085600000|100%|HC|  |TAMS 0x0000000085500000| PB 0x0000000085500000| Complete 
|   2|0x0000000085600000, 0x0000000085600000, 0x0000000085700000|  0%| F|  |TAMS 0x0000000085600000| PB 0x0000000085600000| Untracked 
|   3|0x0000000085700000, 0x0000000085700000, 0x0000000085800000|  0%| F|  |TAMS 0x0000000085700000| PB 0x0000000085700000| Untracked 
|   4|0x0000000085800000, 0x0000000085800000, 0x0000000085900000|  0%| F|  |TAMS 0x0000000085800000| PB 0x0000000085800000| Untracked 
|   5|0x0000000085900000, 0x0000000085900000, 0x0000000085a00000|  0%| F|  |TAMS 0x0000000085900000| PB 0x0000000085900000| Untracked 
|   6|0x0000000085a00000, 0x0000000085a00000, 0x0000000085b00000|  0%| F|  |TAMS 0x0000000085a00000| PB 0x0000000085a00000| Untracked 
|   7|0x0000000085b00000, 0x0000000085b00000, 0x0000000085c00000|  0%| F|  |TAMS 0x0000000085b00000| PB 0x0000000085b00000| Untracked 
|   8|0x0000000085c00000, 0x0000000085c00000, 0x0000000085d00000|  0%| F|  |TAMS 0x0000000085c00000| PB 0x0000000085c00000| Untracked 
|   9|0x0000000085d00000, 0x0000000085d00000, 0x0000000085e00000|  0%| F|  |TAMS 0x0000000085d00000| PB 0x0000000085d00000| Untracked 
|  10|0x0000000085e00000, 0x0000000085e00000, 0x0000000085f00000|  0%| F|  |TAMS 0x0000000085e00000| PB 0x0000000085e00000| Untracked 
|  11|0x0000000085f00000, 0x0000000085f00000, 0x0000000086000000|  0%| F|  |TAMS 0x0000000085f00000| PB 0x0000000085f00000| Untracked 
|  12|0x0000000086000000, 0x0000000086000000, 0x0000000086100000|  0%| F|  |TAMS 0x0000000086000000| PB 0x0000000086000000| Untracked 
|  13|0x0000000086100000, 0x0000000086100000, 0x0000000086200000|  0%| F|  |TAMS 0x0000000086100000| PB 0x0000000086100000| Untracked 
|  14|0x0000000086200000, 0x0000000086200000, 0x0000000086300000|  0%| F|  |TAMS 0x0000000086200000| PB 0x0000000086200000| Untracked 
|  15|0x0000000086300000, 0x0000000086300000, 0x0000000086400000|  0%| F|  |TAMS 0x0000000086300000| PB 0x0000000086300000| Untracked 
|  16|0x0000000086400000, 0x0000000086400000, 0x0000000086500000|  0%| F|  |TAMS 0x0000000086400000| PB 0x0000000086400000| Untracked 
|  17|0x0000000086500000, 0x0000000086500000, 0x0000000086600000|  0%| F|  |TAMS 0x0000000086500000| PB 0x0000000086500000| Untracked 
|  18|0x0000000086600000, 0x0000000086600000, 0x0000000086700000|  0%| F|  |TAMS 0x0000000086600000| PB 0x0000000086600000| Untracked 
|  19|0x0000000086700000, 0x0000000086700000, 0x0000000086800000|  0%| F|  |TAMS 0x0000000086700000| PB 0x0000000086700000| Untracked 
|  20|0x0000000086800000, 0x0000000086800000, 0x0000000086900000|  0%| F|  |TAMS 0x0000000086800000| PB 0x0000000086800000| Untracked 
|  21|0x0000000086900000, 0x0000000086900000, 0x0000000086a00000|  0%| F|  |TAMS 0x0000000086900000| PB 0x0000000086900000| Untracked 
|  22|0x0000000086a00000, 0x0000000086a00000, 0x0000000086b00000|  0%| F|  |TAMS 0x0000000086a00000| PB 0x0000000086a00000| Untracked 
|  23|0x0000000086b00000, 0x0000000086b00000, 0x0000000086c00000|  0%| F|  |TAMS 0x0000000086b00000| PB 0x0000000086b00000| Untracked 
|  24|0x0000000086c00000, 0x0000000086c00000, 0x0000000086d00000|  0%| F|  |TAMS 0x0000000086c00000| PB 0x0000000086c00000| Untracked 
|  25|0x0000000086d00000, 0x0000000086d00000, 0x0000000086e00000|  0%| F|  |TAMS 0x0000000086d00000| PB 0x0000000086d00000| Untracked 
|  26|0x0000000086e00000, 0x0000000086e00000, 0x0000000086f00000|  0%| F|  |TAMS 0x0000000086e00000| PB 0x0000000086e00000| Untracked 
|  27|0x0000000086f00000, 0x0000000086f00000, 0x0000000087000000|  0%| F|  |TAMS 0x0000000086f00000| PB 0x0000000086f00000| Untracked 
|  28|0x0000000087000000, 0x0000000087000000, 0x0000000087100000|  0%| F|  |TAMS 0x0000000087000000| PB 0x0000000087000000| Untracked 
|  29|0x0000000087100000, 0x0000000087100000, 0x0000000087200000|  0%| F|  |TAMS 0x0000000087100000| PB 0x0000000087100000| Untracked 
|  30|0x0000000087200000, 0x0000000087200000, 0x0000000087300000|  0%| F|  |TAMS 0x0000000087200000| PB 0x0000000087200000| Untracked 
|  31|0x0000000087300000, 0x0000000087300000, 0x0000000087400000|  0%| F|  |TAMS 0x0000000087300000| PB 0x0000000087300000| Untracked 
|  32|0x0000000087400000, 0x0000000087400000, 0x0000000087500000|  0%| F|  |TAMS 0x0000000087400000| PB 0x0000000087400000| Untracked 
|  33|0x0000000087500000, 0x0000000087500000, 0x0000000087600000|  0%| F|  |TAMS 0x0000000087500000| PB 0x0000000087500000| Untracked 
|  34|0x0000000087600000, 0x0000000087600000, 0x0000000087700000|  0%| F|  |TAMS 0x0000000087600000| PB 0x0000000087600000| Untracked 
|  35|0x0000000087700000, 0x0000000087700000, 0x0000000087800000|  0%| F|  |TAMS 0x0000000087700000| PB 0x0000000087700000| Untracked 
|  36|0x0000000087800000, 0x0000000087800000, 0x0000000087900000|  0%| F|  |TAMS 0x0000000087800000| PB 0x0000000087800000| Untracked 
|  37|0x0000000087900000, 0x0000000087900000, 0x0000000087a00000|  0%| F|  |TAMS 0x0000000087900000| PB 0x0000000087900000| Untracked 
|  38|0x0000000087a00000, 0x0000000087a00000, 0x0000000087b00000|  0%| F|  |TAMS 0x0000000087a00000| PB 0x0000000087a00000| Untracked 
|  39|0x0000000087b00000, 0x0000000087b00000, 0x0000000087c00000|  0%| F|  |TAMS 0x0000000087b00000| PB 0x0000000087b00000| Untracked 
|  40|0x0000000087c00000, 0x0000000087c00000, 0x0000000087d00000|  0%| F|  |TAMS 0x0000000087c00000| PB 0x0000000087c00000| Untracked 
|  41|0x0000000087d00000, 0x0000000087d00000, 0x0000000087e00000|  0%| F|  |TAMS 0x0000000087d00000| PB 0x0000000087d00000| Untracked 
|  42|0x0000000087e00000, 0x0000000087e00000, 0x0000000087f00000|  0%| F|  |TAMS 0x0000000087e00000| PB 0x0000000087e00000| Untracked 
|  43|0x0000000087f00000, 0x0000000087f00000, 0x0000000088000000|  0%| F|  |TAMS 0x0000000087f00000| PB 0x0000000087f00000| Untracked 
|  44|0x0000000088000000, 0x0000000088000000, 0x0000000088100000|  0%| F|  |TAMS 0x0000000088000000| PB 0x0000000088000000| Untracked 
|  45|0x0000000088100000, 0x0000000088100000, 0x0000000088200000|  0%| F|  |TAMS 0x0000000088100000| PB 0x0000000088100000| Untracked 
|  46|0x0000000088200000, 0x0000000088200000, 0x0000000088300000|  0%| F|  |TAMS 0x0000000088200000| PB 0x0000000088200000| Untracked 
|  47|0x0000000088300000, 0x0000000088300000, 0x0000000088400000|  0%| F|  |TAMS 0x0000000088300000| PB 0x0000000088300000| Untracked 
|  48|0x0000000088400000, 0x0000000088400000, 0x0000000088500000|  0%| F|  |TAMS 0x0000000088400000| PB 0x0000000088400000| Untracked 
|  49|0x0000000088500000, 0x0000000088500000, 0x0000000088600000|  0%| F|  |TAMS 0x0000000088500000| PB 0x0000000088500000| Untracked 
|  50|0x0000000088600000, 0x0000000088600000, 0x0000000088700000|  0%| F|  |TAMS 0x0000000088600000| PB 0x0000000088600000| Untracked 
|  51|0x0000000088700000, 0x0000000088700000, 0x0000000088800000|  0%| F|  |TAMS 0x0000000088700000| PB 0x0000000088700000| Untracked 
|  52|0x0000000088800000, 0x0000000088800000, 0x0000000088900000|  0%| F|  |TAMS 0x0000000088800000| PB 0x0000000088800000| Untracked 
|  53|0x0000000088900000, 0x0000000088900000, 0x0000000088a00000|  0%| F|  |TAMS 0x0000000088900000| PB 0x0000000088900000| Untracked 
|  54|0x0000000088a00000, 0x0000000088a00000, 0x0000000088b00000|  0%| F|  |TAMS 0x0000000088a00000| PB 0x0000000088a00000| Untracked 
|  55|0x0000000088b00000, 0x0000000088b00000, 0x0000000088c00000|  0%| F|  |TAMS 0x0000000088b00000| PB 0x0000000088b00000| Untracked 
|  56|0x0000000088c00000, 0x0000000088c00000, 0x0000000088d00000|  0%| F|  |TAMS 0x0000000088c00000| PB 0x0000000088c00000| Untracked 
|  57|0x0000000088d00000, 0x0000000088d00000, 0x0000000088e00000|  0%| F|  |TAMS 0x0000000088d00000| PB 0x0000000088d00000| Untracked 
|  58|0x0000000088e00000, 0x0000000088e00000, 0x0000000088f00000|  0%| F|  |TAMS 0x0000000088e00000| PB 0x0000000088e00000| Untracked 
|  59|0x0000000088f00000, 0x0000000088f00000, 0x0000000089000000|  0%| F|  |TAMS 0x0000000088f00000| PB 0x0000000088f00000| Untracked 
|  60|0x0000000089000000, 0x0000000089000000, 0x0000000089100000|  0%| F|  |TAMS 0x0000000089000000| PB 0x0000000089000000| Untracked 
|  61|0x0000000089100000, 0x0000000089100000, 0x0000000089200000|  0%| F|  |TAMS 0x0000000089100000| PB 0x0000000089100000| Untracked 
|  62|0x0000000089200000, 0x0000000089200000, 0x0000000089300000|  0%| F|  |TAMS 0x0000000089200000| PB 0x0000000089200000| Untracked 
|  63|0x0000000089300000, 0x0000000089300000, 0x0000000089400000|  0%| F|  |TAMS 0x0000000089300000| PB 0x0000000089300000| Untracked 
|  64|0x0000000089400000, 0x0000000089400000, 0x0000000089500000|  0%| F|  |TAMS 0x0000000089400000| PB 0x0000000089400000| Untracked 
|  65|0x0000000089500000, 0x0000000089500000, 0x0000000089600000|  0%| F|  |TAMS 0x0000000089500000| PB 0x0000000089500000| Untracked 
|  66|0x0000000089600000, 0x0000000089600000, 0x0000000089700000|  0%| F|  |TAMS 0x0000000089600000| PB 0x0000000089600000| Untracked 
|  67|0x0000000089700000, 0x0000000089700000, 0x0000000089800000|  0%| F|  |TAMS 0x0000000089700000| PB 0x0000000089700000| Untracked 
|  68|0x0000000089800000, 0x0000000089800000, 0x0000000089900000|  0%| F|  |TAMS 0x0000000089800000| PB 0x0000000089800000| Untracked 
|  69|0x0000000089900000, 0x0000000089900000, 0x0000000089a00000|  0%| F|  |TAMS 0x0000000089900000| PB 0x0000000089900000| Untracked 
|  70|0x0000000089a00000, 0x0000000089a00000, 0x0000000089b00000|  0%| F|  |TAMS 0x0000000089a00000| PB 0x0000000089a00000| Untracked 
|  71|0x0000000089b00000, 0x0000000089b00000, 0x0000000089c00000|  0%| F|  |TAMS 0x0000000089b00000| PB 0x0000000089b00000| Untracked 
|  72|0x0000000089c00000, 0x0000000089c00000, 0x0000000089d00000|  0%| F|  |TAMS 0x0000000089c00000| PB 0x0000000089c00000| Untracked 
|  73|0x0000000089d00000, 0x0000000089d00000, 0x0000000089e00000|  0%| F|  |TAMS 0x0000000089d00000| PB 0x0000000089d00000| Untracked 
|  74|0x0000000089e00000, 0x0000000089e00000, 0x0000000089f00000|  0%| F|  |TAMS 0x0000000089e00000| PB 0x0000000089e00000| Untracked 
|  75|0x0000000089f00000, 0x0000000089f00000, 0x000000008a000000|  0%| F|  |TAMS 0x0000000089f00000| PB 0x0000000089f00000| Untracked 
|  76|0x000000008a000000, 0x000000008a000000, 0x000000008a100000|  0%| F|  |TAMS 0x000000008a000000| PB 0x000000008a000000| Untracked 
|  77|0x000000008a100000, 0x000000008a100000, 0x000000008a200000|  0%| F|  |TAMS 0x000000008a100000| PB 0x000000008a100000| Untracked 
|  78|0x000000008a200000, 0x000000008a200000, 0x000000008a300000|  0%| F|  |TAMS 0x000000008a200000| PB 0x000000008a200000| Untracked 
|  79|0x000000008a300000, 0x000000008a300000, 0x000000008a400000|  0%| F|  |TAMS 0x000000008a300000| PB 0x000000008a300000| Untracked 
|  80|0x000000008a400000, 0x000000008a400000, 0x000000008a500000|  0%| F|  |TAMS 0x000000008a400000| PB 0x000000008a400000| Untracked 
|  81|0x000000008a500000, 0x000000008a500000, 0x000000008a600000|  0%| F|  |TAMS 0x000000008a500000| PB 0x000000008a500000| Untracked 
|  82|0x000000008a600000, 0x000000008a600000, 0x000000008a700000|  0%| F|  |TAMS 0x000000008a600000| PB 0x000000008a600000| Untracked 
|  83|0x000000008a700000, 0x000000008a700000, 0x000000008a800000|  0%| F|  |TAMS 0x000000008a700000| PB 0x000000008a700000| Untracked 
|  84|0x000000008a800000, 0x000000008a800000, 0x000000008a900000|  0%| F|  |TAMS 0x000000008a800000| PB 0x000000008a800000| Untracked 
|  85|0x000000008a900000, 0x000000008a900000, 0x000000008aa00000|  0%| F|  |TAMS 0x000000008a900000| PB 0x000000008a900000| Untracked 
|  86|0x000000008aa00000, 0x000000008aa00000, 0x000000008ab00000|  0%| F|  |TAMS 0x000000008aa00000| PB 0x000000008aa00000| Untracked 
|  87|0x000000008ab00000, 0x000000008ab00000, 0x000000008ac00000|  0%| F|  |TAMS 0x000000008ab00000| PB 0x000000008ab00000| Untracked 
|  88|0x000000008ac00000, 0x000000008ac00000, 0x000000008ad00000|  0%| F|  |TAMS 0x000000008ac00000| PB 0x000000008ac00000| Untracked 
|  89|0x000000008ad00000, 0x000000008ad00000, 0x000000008ae00000|  0%| F|  |TAMS 0x000000008ad00000| PB 0x000000008ad00000| Untracked 
|  90|0x000000008ae00000, 0x000000008ae00000, 0x000000008af00000|  0%| F|  |TAMS 0x000000008ae00000| PB 0x000000008ae00000| Untracked 
|  91|0x000000008af00000, 0x000000008af00000, 0x000000008b000000|  0%| F|  |TAMS 0x000000008af00000| PB 0x000000008af00000| Untracked 
|  92|0x000000008b000000, 0x000000008b000000, 0x000000008b100000|  0%| F|  |TAMS 0x000000008b000000| PB 0x000000008b000000| Untracked 
|  93|0x000000008b100000, 0x000000008b100000, 0x000000008b200000|  0%| F|  |TAMS 0x000000008b100000| PB 0x000000008b100000| Untracked 
|  94|0x000000008b200000, 0x000000008b200000, 0x000000008b300000|  0%| F|  |TAMS 0x000000008b200000| PB 0x000000008b200000| Untracked 
|  95|0x000000008b300000, 0x000000008b300000, 0x000000008b400000|  0%| F|  |TAMS 0x000000008b300000| PB 0x000000008b300000| Untracked 
|  96|0x000000008b400000, 0x000000008b400000, 0x000000008b500000|  0%| F|  |TAMS 0x000000008b400000| PB 0x000000008b400000| Untracked 
|  97|0x000000008b500000, 0x000000008b500000, 0x000000008b600000|  0%| F|  |TAMS 0x000000008b500000| PB 0x000000008b500000| Untracked 
|  98|0x000000008b600000, 0x000000008b600000, 0x000000008b700000|  0%| F|  |TAMS 0x000000008b600000| PB 0x000000008b600000| Untracked 
|  99|0x000000008b700000, 0x000000008b700000, 0x000000008b800000|  0%| F|  |TAMS 0x000000008b700000| PB 0x000000008b700000| Untracked 
| 100|0x000000008b800000, 0x000000008b800000, 0x000000008b900000|  0%| F|  |TAMS 0x000000008b800000| PB 0x000000008b800000| Untracked 
| 101|0x000000008b900000, 0x000000008b900000, 0x000000008ba00000|  0%| F|  |TAMS 0x000000008b900000| PB 0x000000008b900000| Untracked 
| 102|0x000000008ba00000, 0x000000008ba00000, 0x000000008bb00000|  0%| F|  |TAMS 0x000000008ba00000| PB 0x000000008ba00000| Untracked 
| 103|0x000000008bb00000, 0x000000008bb00000, 0x000000008bc00000|  0%| F|  |TAMS 0x000000008bb00000| PB 0x000000008bb00000| Untracked 
| 104|0x000000008bc00000, 0x000000008bc00000, 0x000000008bd00000|  0%| F|  |TAMS 0x000000008bc00000| PB 0x000000008bc00000| Untracked 
| 105|0x000000008bd00000, 0x000000008bd00000, 0x000000008be00000|  0%| F|  |TAMS 0x000000008bd00000| PB 0x000000008bd00000| Untracked 
| 106|0x000000008be00000, 0x000000008be00000, 0x000000008bf00000|  0%| F|  |TAMS 0x000000008be00000| PB 0x000000008be00000| Untracked 
| 107|0x000000008bf00000, 0x000000008bf00000, 0x000000008c000000|  0%| F|  |TAMS 0x000000008bf00000| PB 0x000000008bf00000| Untracked 
| 108|0x000000008c000000, 0x000000008c000000, 0x000000008c100000|  0%| F|  |TAMS 0x000000008c000000| PB 0x000000008c000000| Untracked 
| 109|0x000000008c100000, 0x000000008c100000, 0x000000008c200000|  0%| F|  |TAMS 0x000000008c100000| PB 0x000000008c100000| Untracked 
| 110|0x000000008c200000, 0x000000008c200000, 0x000000008c300000|  0%| F|  |TAMS 0x000000008c200000| PB 0x000000008c200000| Untracked 
| 111|0x000000008c300000, 0x000000008c300000, 0x000000008c400000|  0%| F|  |TAMS 0x000000008c300000| PB 0x000000008c300000| Untracked 
| 112|0x000000008c400000, 0x000000008c485e10, 0x000000008c500000| 52%| E|  |TAMS 0x000000008c400000| PB 0x000000008c400000| Complete 
| 113|0x000000008c500000, 0x000000008c600000, 0x000000008c600000|100%| E|CS|TAMS 0x000000008c500000| PB 0x000000008c500000| Complete 
| 114|0x000000008c600000, 0x000000008c700000, 0x000000008c700000|100%| E|CS|TAMS 0x000000008c600000| PB 0x000000008c600000| Complete 
| 115|0x000000008c700000, 0x000000008c800000, 0x000000008c800000|100%| E|CS|TAMS 0x000000008c700000| PB 0x000000008c700000| Complete 
| 116|0x000000008c800000, 0x000000008c900000, 0x000000008c900000|100%| E|CS|TAMS 0x000000008c800000| PB 0x000000008c800000| Complete 
| 117|0x000000008c900000, 0x000000008ca00000, 0x000000008ca00000|100%| E|CS|TAMS 0x000000008c900000| PB 0x000000008c900000| Complete 
| 118|0x000000008ca00000, 0x000000008cb00000, 0x000000008cb00000|100%| E|CS|TAMS 0x000000008ca00000| PB 0x000000008ca00000| Complete 
| 119|0x000000008cb00000, 0x000000008cc00000, 0x000000008cc00000|100%| E|CS|TAMS 0x000000008cb00000| PB 0x000000008cb00000| Complete 
| 120|0x000000008cc00000, 0x000000008cd00000, 0x000000008cd00000|100%| E|CS|TAMS 0x000000008cc00000| PB 0x000000008cc00000| Complete 
| 121|0x000000008cd00000, 0x000000008ce00000, 0x000000008ce00000|100%| E|CS|TAMS 0x000000008cd00000| PB 0x000000008cd00000| Complete 
| 122|0x000000008ce00000, 0x000000008cf00000, 0x000000008cf00000|100%| E|CS|TAMS 0x000000008ce00000| PB 0x000000008ce00000| Complete 
| 123|0x000000008cf00000, 0x000000008d000000, 0x000000008d000000|100%| E|CS|TAMS 0x000000008cf00000| PB 0x000000008cf00000| Complete 

Card table byte_map: [0x000001a41c080000,0x000001a41c460000] _byte_map_base: 0x000001a41bc56000

Marking Bits: (CMBitMap*) 0x000001a404c29360
 Bits: [0x000001a41c840000, 0x000001a41e6f0000)

Polling page: 0x000001a404390000

Metaspace:

Usage:
  Non-class:      8.79 MB used.
      Class:      1.08 MB used.
       Both:      9.87 MB used.

Virtual space:
  Non-class space:       64.00 MB reserved,       8.94 MB ( 14%) committed,  1 nodes.
      Class space:        1.00 GB reserved,       1.19 MB ( <1%) committed,  1 nodes.
             Both:        1.06 GB reserved,      10.12 MB ( <1%) committed. 

Chunk freelists:
   Non-Class:  2.98 MB
       Class:  2.71 MB
        Both:  5.69 MB

MaxMetaspaceSize: unlimited
CompressedClassSpaceSize: 1.00 GB
Initial GC threshold: 21.00 MB
Current GC threshold: 21.00 MB
CDS: on
MetaspaceReclaimPolicy: balanced
 - commit_granule_bytes: 65536.
 - commit_granule_words: 8192.
 - virtual_space_node_default_size: 8388608.
 - enlarge_chunks_in_place: 1.
 - new_chunks_are_fully_committed: 0.
 - uncommit_free_chunks: 1.
 - use_allocation_guard: 0.


Internal statistics:

num_allocs_failed_limit: 0.
num_arena_births: 160.
num_arena_deaths: 0.
num_vsnodes_births: 2.
num_vsnodes_deaths: 0.
num_space_committed: 162.
num_space_uncommitted: 0.
num_chunks_returned_to_freelist: 0.
num_chunks_taken_from_freelist: 217.
num_chunk_merges: 0.
num_chunk_splits: 123.
num_chunks_enlarged: 49.
num_inconsistent_stats: 0.

CodeHeap 'non-profiled nmethods': size=120000Kb used=473Kb max_used=473Kb free=119526Kb
 bounds [0x000001a414770000, 0x000001a4149e0000, 0x000001a41bca0000]
CodeHeap 'profiled nmethods': size=120000Kb used=2958Kb max_used=2958Kb free=117041Kb
 bounds [0x000001a40cca0000, 0x000001a40cf90000, 0x000001a4141d0000]
CodeHeap 'non-nmethods': size=5760Kb used=1636Kb max_used=1651Kb free=4124Kb
 bounds [0x000001a4141d0000, 0x000001a414440000, 0x000001a414770000]
 total_blobs=2274 nmethods=1634 adapters=550
 compilation: enabled
              stopped_count=0, restarted_count=0
 full_count=0

Compilation events (20 events):
Event: 15.668 Thread 0x000001a420bbf2a0 nmethod 1625 0x000001a4147e6090 code [0x000001a4147e6200, 0x000001a4147e62c8]
Event: 15.668 Thread 0x000001a420bbf2a0 1626       3       sun.util.locale.LocaleUtils::toLower (17 bytes)
Event: 15.668 Thread 0x000001a420bbf2a0 nmethod 1626 0x000001a40cf79790 code [0x000001a40cf79920, 0x000001a40cf79b58]
Event: 15.670 Thread 0x000001a420bbf2a0 1627       3       java.awt.KeyboardFocusManager::checkKFMSecurity (11 bytes)
Event: 15.671 Thread 0x000001a420bbf2a0 nmethod 1627 0x000001a40cf79c10 code [0x000001a40cf79de0, 0x000001a40cf7a120]
Event: 15.671 Thread 0x000001a420bbf2a0 1628       3       java.lang.Boolean::equals (29 bytes)
Event: 15.672 Thread 0x000001a420bbf2a0 nmethod 1628 0x000001a40cf7a290 code [0x000001a40cf7a440, 0x000001a40cf7a828]
Event: 15.672 Thread 0x000001a420bbf2a0 1629       3       sun.java2d.SunGraphics2D::constrain (11 bytes)
Event: 15.672 Thread 0x000001a420bbf2a0 nmethod 1629 0x000001a40cf7a910 code [0x000001a40cf7aaa0, 0x000001a40cf7abe0]
Event: 15.673 Thread 0x000001a420bbf2a0 1630       3       javax.swing.DefaultButtonModel::isEnabled (16 bytes)
Event: 15.673 Thread 0x000001a420bbf2a0 nmethod 1630 0x000001a40cf7ac90 code [0x000001a40cf7ae20, 0x000001a40cf7af90]
Event: 326.782 Thread 0x000001a420bbf2a0 1631       3       java.awt.Component::processEvent (220 bytes)
Event: 326.783 Thread 0x000001a420bbf2a0 nmethod 1631 0x000001a40cf7b010 code [0x000001a40cf7b300, 0x000001a40cf7ce88]
Event: 326.783 Thread 0x000001a420bbf2a0 1632       3       sun.java2d.SurfaceData::validatePipe (785 bytes)
Event: 326.786 Thread 0x000001a420bbf2a0 nmethod 1632 0x000001a40cf7d190 code [0x000001a40cf7d600, 0x000001a40cf80600]
Event: 327.104 Thread 0x000001a420bbd7c0 1633       4       sun.awt.SunToolkit::getAppContext (42 bytes)
Event: 327.106 Thread 0x000001a420bbd7c0 nmethod 1633 0x000001a4147e6390 code [0x000001a4147e6500, 0x000001a4147e65e0]
Event: 327.281 Thread 0x000001a420bbf2a0 1634       3       sun.awt.im.InputContext::dispatchEvent (173 bytes)
Event: 327.283 Thread 0x000001a420bbf2a0 nmethod 1634 0x000001a40cf80810 code [0x000001a40cf80be0, 0x000001a40cf832d0]
Event: 327.328 Thread 0x000001a420bbd7c0 1635       4       java.awt.Container::getMouseEventTarget (50 bytes)

GC Heap History (0 events):
No events

Dll operation events (9 events):
Event: 0.009 Loaded shared library C:\Program Files\Java\jdk-20\bin\java.dll
Event: 0.037 Loaded shared library C:\Program Files\Java\jdk-20\bin\jsvml.dll
Event: 0.094 Loaded shared library C:\Program Files\Java\jdk-20\bin\jimage.dll
Event: 0.116 Loaded shared library C:\Program Files\Java\jdk-20\bin\awt.dll
Event: 0.339 Loaded shared library C:\Program Files\Java\jdk-20\bin\freetype.dll
Event: 0.340 Loaded shared library C:\Program Files\Java\jdk-20\bin\fontmanager.dll
Event: 0.392 Loaded shared library C:\Program Files\Java\jdk-20\bin\net.dll
Event: 0.395 Loaded shared library C:\Program Files\Java\jdk-20\bin\nio.dll
Event: 14.628 Loaded shared library C:\Program Files\Java\jdk-20\bin\zip.dll

Deoptimization events (20 events):
Event: 11.400 Thread 0x000001a4675098a0 Uncommon trap: trap_request=0xffffffc6 fr.pc=0x000001a4147c9608 relative=0x00000000000002c8
Event: 11.400 Thread 0x000001a4675098a0 Uncommon trap: reason=bimorphic_or_optimized_type_check action=maybe_recompile pc=0x000001a4147c9608 method=java.util.HashMap.getNode(Ljava/lang/Object;)Ljava/util/HashMap$Node; @ 63 c2
Event: 11.400 Thread 0x000001a4675098a0 DEOPT PACKING pc=0x000001a4147c9608 sp=0x00000039795fdb30
Event: 11.400 Thread 0x000001a4675098a0 DEOPT UNPACKING pc=0x000001a414239d22 sp=0x00000039795fda38 mode 2
Event: 11.400 Thread 0x000001a4675098a0 Uncommon trap: trap_request=0xffffffc6 fr.pc=0x000001a4147c9608 relative=0x00000000000002c8
Event: 11.400 Thread 0x000001a4675098a0 Uncommon trap: reason=bimorphic_or_optimized_type_check action=maybe_recompile pc=0x000001a4147c9608 method=java.util.HashMap.getNode(Ljava/lang/Object;)Ljava/util/HashMap$Node; @ 63 c2
Event: 11.400 Thread 0x000001a4675098a0 DEOPT PACKING pc=0x000001a4147c9608 sp=0x00000039795fd920
Event: 11.400 Thread 0x000001a4675098a0 DEOPT UNPACKING pc=0x000001a414239d22 sp=0x00000039795fd828 mode 2
Event: 11.400 Thread 0x000001a4675098a0 Uncommon trap: trap_request=0xffffffde fr.pc=0x000001a4147c95dc relative=0x000000000000029c
Event: 11.400 Thread 0x000001a4675098a0 Uncommon trap: reason=class_check action=maybe_recompile pc=0x000001a4147c95dc method=java.util.HashMap.getNode(Ljava/lang/Object;)Ljava/util/HashMap$Node; @ 128 c2
Event: 11.400 Thread 0x000001a4675098a0 DEOPT PACKING pc=0x000001a4147c95dc sp=0x00000039795fd920
Event: 11.401 Thread 0x000001a4675098a0 DEOPT UNPACKING pc=0x000001a414239d22 sp=0x00000039795fd828 mode 2
Event: 11.401 Thread 0x000001a4675098a0 Uncommon trap: trap_request=0xffffffde fr.pc=0x000001a4147a9c38 relative=0x0000000000000278
Event: 11.401 Thread 0x000001a4675098a0 Uncommon trap: reason=class_check action=maybe_recompile pc=0x000001a4147a9c38 method=java.util.HashMap.getNode(Ljava/lang/Object;)Ljava/util/HashMap$Node; @ 128 c2
Event: 11.401 Thread 0x000001a4675098a0 DEOPT PACKING pc=0x000001a4147a9c38 sp=0x00000039795fdac0
Event: 11.401 Thread 0x000001a4675098a0 DEOPT UNPACKING pc=0x000001a414239d22 sp=0x00000039795fda38 mode 2
Event: 11.472 Thread 0x000001a4675098a0 DEOPT PACKING pc=0x000001a40cf112cc sp=0x00000039795fe730
Event: 11.472 Thread 0x000001a4675098a0 DEOPT UNPACKING pc=0x000001a41423a4c2 sp=0x00000039795fdbc8 mode 0
Event: 14.630 Thread 0x000001a46774caf0 DEOPT PACKING pc=0x000001a40ccb6257 sp=0x0000003979afd920
Event: 14.630 Thread 0x000001a46774caf0 DEOPT UNPACKING pc=0x000001a41423a4c2 sp=0x0000003979afcd40 mode 0

Classes loaded (20 events):
Event: 14.677 Loading class java/awt/WaitDispatchSupport$4
Event: 14.677 Loading class java/awt/WaitDispatchSupport$4 done
Event: 14.678 Loading class sun/awt/ModalExclude
Event: 14.678 Loading class sun/awt/ModalExclude done
Event: 14.679 Loading class javax/swing/plaf/metal/MetalUtils$GradientPainter
Event: 14.679 Loading class sun/swing/CachedPainter
Event: 14.679 Loading class sun/swing/CachedPainter done
Event: 14.679 Loading class javax/swing/plaf/metal/MetalUtils$GradientPainter done
Event: 14.679 Loading class sun/swing/CachedPainter$PainterMultiResolutionCachedImage
Event: 14.679 Loading class java/awt/image/AbstractMultiResolutionImage
Event: 14.679 Loading class java/awt/image/AbstractMultiResolutionImage done
Event: 14.679 Loading class sun/swing/CachedPainter$PainterMultiResolutionCachedImage done
Event: 14.679 Loading class sun/swing/ImageCache
Event: 14.679 Loading class sun/swing/ImageCache done
Event: 14.679 Loading class sun/swing/ImageCache$Entry
Event: 14.679 Loading class sun/swing/ImageCache$Entry done
Event: 14.680 Loading class sun/awt/image/BufImgSurfaceManager
Event: 14.680 Loading class sun/awt/image/BufImgSurfaceManager done
Event: 15.658 Loading class sun/awt/SunToolkit$1
Event: 15.659 Loading class sun/awt/SunToolkit$1 done

Classes unloaded (0 events):
No events

Classes redefined (0 events):
No events

Internal exceptions (14 events):
Event: 0.102 Thread 0x000001a404bcb860 Exception <a 'java/lang/ClassNotFoundException'{0x000000008ce89e98}: sun/awt/resources/spi/awtProvider> (0x000000008ce89e98) 
thrown [s\open\src\hotspot\share\classfile\systemDictionary.cpp, line 305]
Event: 0.128 Thread 0x000001a404bcb860 Exception <a 'java/io/FileNotFoundException'{0x000000008cee5140}> (0x000000008cee5140) 
thrown [s\open\src\hotspot\share\prims\jni.cpp, line 519]
Event: 0.139 Thread 0x000001a404bcb860 Exception <a 'java/io/FileNotFoundException'{0x000000008cd0f590}> (0x000000008cd0f590) 
thrown [s\open\src\hotspot\share\prims\jni.cpp, line 519]
Event: 0.229 Thread 0x000001a404bcb860 Exception <a 'java/lang/NoSuchMethodError'{0x000000008cc21a68}: 'void java.lang.invoke.DirectMethodHandle$Holder.invokeSpecial(java.lang.Object, java.lang.Object, java.lang.Object)'> (0x000000008cc21a68) 
thrown [s\open\src\hotspot\share\interpreter\linkResolver.cpp, line 773]
Event: 0.239 Thread 0x000001a404bcb860 Exception <a 'java/lang/NoSuchMethodError'{0x000000008cc4c428}: 'java.lang.Object java.lang.invoke.DirectMethodHandle$Holder.newInvokeSpecial(java.lang.Object, java.lang.Object, java.lang.Object, java.lang.Object, java.lang.Object)'> (0x000000008cc4c428) 
thrown [s\open\src\hotspot\share\interpreter\linkResolver.cpp, line 773]
Event: 0.248 Thread 0x000001a404bcb860 Exception <a 'java/lang/NoSuchMethodError'{0x000000008cc7ccd0}: 'java.lang.Object java.lang.invoke.DirectMethodHandle$Holder.invokeStatic(java.lang.Object, int, java.lang.Object)'> (0x000000008cc7ccd0) 
thrown [s\open\src\hotspot\share\interpreter\linkResolver.cpp, line 773]
Event: 0.279 Thread 0x000001a404bcb860 Exception <a 'java/lang/ClassNotFoundException'{0x000000008cb7b028}: com/sun/swing/internal/plaf/metal/resources/spi/metalProvider> (0x000000008cb7b028) 
thrown [s\open\src\hotspot\share\classfile\systemDictionary.cpp, line 305]
Event: 0.280 Thread 0x000001a404bcb860 Exception <a 'java/lang/ClassNotFoundException'{0x000000008cb7efb8}: com/sun/swing/internal/plaf/basic/resources/spi/basicProvider> (0x000000008cb7efb8) 
thrown [s\open\src\hotspot\share\classfile\systemDictionary.cpp, line 305]
Event: 0.292 Thread 0x000001a404bcb860 Exception <a 'java/lang/NoSuchMethodError'{0x000000008cb9e9c0}: 'int java.lang.invoke.Invokers$Holder.invokeExact_MT(java.lang.Object, java.lang.Object)'> (0x000000008cb9e9c0) 
thrown [s\open\src\hotspot\share\interpreter\linkResolver.cpp, line 773]
Event: 0.572 Thread 0x000001a404bcb860 Exception <a 'java/lang/NoSuchMethodError'{0x000000008c85d948}: 'void java.lang.invoke.DirectMethodHandle$Holder.invokeStaticInit(java.lang.Object)'> (0x000000008c85d948) 
thrown [s\open\src\hotspot\share\interpreter\linkResolver.cpp, line 773]
Event: 0.629 Thread 0x000001a466313b80 Exception <a 'java/lang/NoSuchMethodError'{0x000000008cdd7c08}: 'void java.lang.invoke.DirectMethodHandle$Holder.invokeVirtual(java.lang.Object, java.lang.Object)'> (0x000000008cdd7c08) 
thrown [s\open\src\hotspot\share\interpreter\linkResolver.cpp, line 773]
Event: 14.630 Thread 0x000001a46774caf0 Exception <a 'java/lang/NoSuchMethodError'{0x000000008c40cf58}: 'java.lang.Object java.lang.invoke.DirectMethodHandle$Holder.newInvokeSpecial(java.lang.Object, java.lang.Object, java.lang.Object, int, int, int, int, int)'> (0x000000008c40cf58) 
thrown [s\open\src\hotspot\share\interpreter\linkResolver.cpp, line 773]
Event: 14.651 Thread 0x000001a4675098a0 Exception <a 'java/lang/NoSuchMethodError'{0x000000008c5e3d00}: 'void java.lang.invoke.DirectMethodHandle$Holder.invokeStatic(java.lang.Object, java.lang.Object)'> (0x000000008c5e3d00) 
thrown [s\open\src\hotspot\share\interpreter\linkResolver.cpp, line 773]
Event: 14.675 Thread 0x000001a4675098a0 Exception <a 'java/lang/NoSuchMethodError'{0x000000008c5f7fe0}: 'int java.lang.invoke.DirectMethodHandle$Holder.invokeStatic(java.lang.Object)'> (0x000000008c5f7fe0) 
thrown [s\open\src\hotspot\share\interpreter\linkResolver.cpp, line 773]

VM Operations (20 events):
Event: 11.394 Executing VM operation: HandshakeAllThreads
Event: 11.394 Executing VM operation: HandshakeAllThreads done
Event: 12.407 Executing VM operation: Cleanup
Event: 12.407 Executing VM operation: Cleanup done
Event: 13.408 Executing VM operation: Cleanup
Event: 13.408 Executing VM operation: Cleanup done
Event: 14.421 Executing VM operation: Cleanup
Event: 14.421 Executing VM operation: Cleanup done
Event: 14.622 Executing VM operation: HandshakeAllThreads
Event: 14.622 Executing VM operation: HandshakeAllThreads done
Event: 14.638 Executing VM operation: HandshakeAllThreads
Event: 14.638 Executing VM operation: HandshakeAllThreads done
Event: 15.645 Executing VM operation: Cleanup
Event: 15.645 Executing VM operation: Cleanup done
Event: 16.651 Executing VM operation: Cleanup
Event: 16.651 Executing VM operation: Cleanup done
Event: 60.120 Executing VM operation: HandshakeAllThreads
Event: 60.120 Executing VM operation: HandshakeAllThreads done
Event: 327.254 Executing VM operation: Cleanup
Event: 327.254 Executing VM operation: Cleanup done

Events (20 events):
Event: 0.053 Thread 0x000001a420bb2500 Thread added: 0x000001a420bb2500
Event: 0.053 Thread 0x000001a420bb35e0 Thread added: 0x000001a420bb35e0
Event: 0.053 Thread 0x000001a420bb8b00 Thread added: 0x000001a420bb8b00
Event: 0.053 Thread 0x000001a420bbd7c0 Thread added: 0x000001a420bbd7c0
Event: 0.053 Thread 0x000001a420bbf2a0 Thread added: 0x000001a420bbf2a0
Event: 0.071 Thread 0x000001a4660e43c0 Thread added: 0x000001a4660e43c0
Event: 0.075 Thread 0x000001a4660efa20 Thread added: 0x000001a4660efa20
Event: 0.187 Thread 0x000001a46630af30 Thread added: 0x000001a46630af30
Event: 0.188 Thread 0x000001a466310b70 Thread added: 0x000001a466310b70
Event: 0.190 Thread 0x000001a466313b80 Thread added: 0x000001a466313b80
Event: 0.544 Thread 0x000001a4675098a0 Thread added: 0x000001a4675098a0
Event: 0.634 Thread 0x000001a404bcb860 Thread exited: 0x000001a404bcb860
Event: 0.634 Thread 0x000001a404bcb860 Thread added: 0x000001a404bcb860
Event: 2.605 Thread 0x000001a467505740 Thread added: 0x000001a467505740
Event: 2.810 Thread 0x000001a467505740 Thread exited: 0x000001a467505740
Event: 8.450 Thread 0x000001a467ba7a30 Thread added: 0x000001a467ba7a30
Event: 8.927 Thread 0x000001a467ba7a30 Thread exited: 0x000001a467ba7a30
Event: 11.491 Thread 0x000001a46774c170 Thread added: 0x000001a46774c170
Event: 14.625 Thread 0x000001a46774caf0 Thread added: 0x000001a46774caf0
Event: 19.635 Thread 0x000001a46774caf0 Thread exited: 0x000001a46774caf0


Dynamic libraries:
0x00007ff72e230000 - 0x00007ff72e240000 	C:\Program Files\Java\jdk-20\bin\java.exe
0x00007ffbf86b0000 - 0x00007ffbf88a8000 	C:\WINDOWS\SYSTEM32\ntdll.dll
0x00007ffbcb740000 - 0x00007ffbcb75b000 	C:\Program Files\Avast Software\Avast\aswhook.dll
0x00007ffbf84a0000 - 0x00007ffbf8562000 	C:\WINDOWS\System32\KERNEL32.DLL
0x00007ffbf6340000 - 0x00007ffbf6636000 	C:\WINDOWS\System32\KERNELBASE.dll
0x00007ffbf5f90000 - 0x00007ffbf6090000 	C:\WINDOWS\System32\ucrtbase.dll
0x00007ffbe5c10000 - 0x00007ffbe5c29000 	C:\Program Files\Java\jdk-20\bin\jli.dll
0x00007ffbef300000 - 0x00007ffbef31b000 	C:\Program Files\Java\jdk-20\bin\VCRUNTIME140.dll
0x00007ffbf8380000 - 0x00007ffbf842f000 	C:\WINDOWS\System32\ADVAPI32.dll
0x00007ffbf82e0000 - 0x00007ffbf837e000 	C:\WINDOWS\System32\msvcrt.dll
0x00007ffbf8570000 - 0x00007ffbf860f000 	C:\WINDOWS\System32\sechost.dll
0x00007ffbf7200000 - 0x00007ffbf7323000 	C:\WINDOWS\System32\RPCRT4.dll
0x00007ffbf5de0000 - 0x00007ffbf5e07000 	C:\WINDOWS\System32\bcrypt.dll
0x00007ffbf6f80000 - 0x00007ffbf711d000 	C:\WINDOWS\System32\USER32.dll
0x00007ffbf61b0000 - 0x00007ffbf61d2000 	C:\WINDOWS\System32\win32u.dll
0x00007ffbe6490000 - 0x00007ffbe672a000 	C:\WINDOWS\WinSxS\amd64_microsoft.windows.common-controls_6595b64144ccf1df_6.0.19041.5794_none_60bcd33171f2783c\COMCTL32.dll
0x00007ffbf71d0000 - 0x00007ffbf71fb000 	C:\WINDOWS\System32\GDI32.dll
0x00007ffbf6090000 - 0x00007ffbf61aa000 	C:\WINDOWS\System32\gdi32full.dll
0x00007ffbf6640000 - 0x00007ffbf66dd000 	C:\WINDOWS\System32\msvcp_win.dll
0x00007ffbef830000 - 0x00007ffbef83a000 	C:\WINDOWS\SYSTEM32\VERSION.dll
0x00007ffbf6ee0000 - 0x00007ffbf6f0f000 	C:\WINDOWS\System32\IMM32.DLL
0x00007ffbf06d0000 - 0x00007ffbf06dc000 	C:\Program Files\Java\jdk-20\bin\vcruntime140_1.dll
0x00007ffba6af0000 - 0x00007ffba6b7e000 	C:\Program Files\Java\jdk-20\bin\msvcp140.dll
0x00007ffb58090000 - 0x00007ffb58d28000 	C:\Program Files\Java\jdk-20\bin\server\jvm.dll
0x00007ffbe4590000 - 0x00007ffbe4599000 	C:\WINDOWS\SYSTEM32\WSOCK32.dll
0x00007ffbdb5a0000 - 0x00007ffbdb5c7000 	C:\WINDOWS\SYSTEM32\WINMM.dll
0x00007ffbf6f10000 - 0x00007ffbf6f7b000 	C:\WINDOWS\System32\WS2_32.dll
0x00007ffbf3bd0000 - 0x00007ffbf3be2000 	C:\WINDOWS\SYSTEM32\kernel.appcore.dll
0x00007ffbeedf0000 - 0x00007ffbeedfa000 	C:\Program Files\Java\jdk-20\bin\jimage.dll
0x00007ffbed9e0000 - 0x00007ffbedbe1000 	C:\WINDOWS\SYSTEM32\DBGHELP.DLL
0x00007ffbed690000 - 0x00007ffbed6c4000 	C:\WINDOWS\SYSTEM32\dbgcore.DLL
0x00007ffbf5d50000 - 0x00007ffbf5dd2000 	C:\WINDOWS\System32\bcryptPrimitives.dll
0x00007ffbef0f0000 - 0x00007ffbef116000 	C:\Program Files\Java\jdk-20\bin\java.dll
0x00007ffb64ac0000 - 0x00007ffb64b97000 	C:\Program Files\Java\jdk-20\bin\jsvml.dll
0x00007ffbf7af0000 - 0x00007ffbf825e000 	C:\WINDOWS\System32\SHELL32.dll
0x00007ffbf3dd0000 - 0x00007ffbf4573000 	C:\WINDOWS\SYSTEM32\windows.storage.dll
0x00007ffbf67f0000 - 0x00007ffbf6b43000 	C:\WINDOWS\System32\combase.dll
0x00007ffbf5780000 - 0x00007ffbf57ab000 	C:\WINDOWS\SYSTEM32\Wldp.dll
0x00007ffbf6db0000 - 0x00007ffbf6e7d000 	C:\WINDOWS\System32\OLEAUT32.dll
0x00007ffbf6b50000 - 0x00007ffbf6bfd000 	C:\WINDOWS\System32\SHCORE.dll
0x00007ffbf6e80000 - 0x00007ffbf6ed5000 	C:\WINDOWS\System32\shlwapi.dll
0x00007ffbf5c80000 - 0x00007ffbf5ca5000 	C:\WINDOWS\SYSTEM32\profapi.dll
0x00007ffb64730000 - 0x00007ffb648c1000 	C:\Program Files\Java\jdk-20\bin\awt.dll
0x00007ffbf2300000 - 0x00007ffbf2394000 	C:\WINDOWS\SYSTEM32\apphelp.dll
0x00007ffbf3ac0000 - 0x00007ffbf3aef000 	C:\WINDOWS\system32\DWMAPI.DLL
0x00007ffbf3640000 - 0x00007ffbf36de000 	C:\WINDOWS\system32\uxtheme.dll
0x00007ffbce4e0000 - 0x00007ffbce608000 	C:\WINDOWS\system32\opengl32.dll
0x00007ffbce4b0000 - 0x00007ffbce4dc000 	C:\WINDOWS\SYSTEM32\GLU32.dll
0x00007ffbf7330000 - 0x00007ffbf7445000 	C:\WINDOWS\System32\MSCTF.dll
0x00007ffbf78d0000 - 0x00007ffbf79fb000 	C:\WINDOWS\System32\ole32.dll
0x00007ffb64e30000 - 0x00007ffb64eb6000 	C:\Program Files\Java\jdk-20\bin\freetype.dll
0x00007ffb623a0000 - 0x00007ffb62473000 	C:\Program Files\Java\jdk-20\bin\fontmanager.dll
0x00007ffbee6e0000 - 0x00007ffbee6f3000 	C:\Program Files\Java\jdk-20\bin\net.dll
0x00007ffbeb5c0000 - 0x00007ffbeb6ca000 	C:\WINDOWS\SYSTEM32\WINHTTP.dll
0x00007ffbf54e0000 - 0x00007ffbf554c000 	C:\WINDOWS\system32\mswsock.dll
0x00007ffbee330000 - 0x00007ffbee346000 	C:\Program Files\Java\jdk-20\bin\nio.dll
0x00007ffbed830000 - 0x00007ffbed929000 	C:\WINDOWS\SYSTEM32\textinputframework.dll
0x00007ffbf1db0000 - 0x00007ffbf1ea2000 	C:\WINDOWS\System32\CoreMessaging.dll
0x00007ffbf16d0000 - 0x00007ffbf1a2b000 	C:\WINDOWS\System32\CoreUIComponents.dll
0x00007ffbf4fe0000 - 0x00007ffbf5013000 	C:\WINDOWS\SYSTEM32\ntmarta.dll
0x00007ffbf2c80000 - 0x00007ffbf2dd7000 	C:\WINDOWS\SYSTEM32\wintypes.dll
0x00007ffbf7120000 - 0x00007ffbf71c9000 	C:\WINDOWS\System32\clbcatq.dll
0x00007ffbf33f0000 - 0x00007ffbf35a4000 	C:\WINDOWS\SYSTEM32\WindowsCodecs.dll
0x00007ffbcb340000 - 0x00007ffbcb37e000 	C:\WINDOWS\system32\dataexchange.dll
0x00007ffbf14b0000 - 0x00007ffbf1694000 	C:\WINDOWS\system32\dcomp.dll
0x00007ffbf0c80000 - 0x00007ffbf0ee4000 	C:\WINDOWS\system32\d3d11.dll
0x00007ffbf45e0000 - 0x00007ffbf46d6000 	C:\WINDOWS\system32\dxgi.dll
0x00007ffbee410000 - 0x00007ffbee613000 	C:\WINDOWS\system32\twinapi.appcore.dll
0x00007ffbe6ef0000 - 0x00007ffbe6f08000 	C:\Program Files\Java\jdk-20\bin\zip.dll

dbghelp: loaded successfully - version: 4.0.5 - missing functions: none
symbol engine: initialized successfully - sym options: 0x614 - pdb path: .;C:\Program Files\Java\jdk-20\bin;C:\WINDOWS\SYSTEM32;C:\Program Files\Avast Software\Avast;C:\WINDOWS\WinSxS\amd64_microsoft.windows.common-controls_6595b64144ccf1df_6.0.19041.5794_none_60bcd33171f2783c;C:\Program Files\Java\jdk-20\bin\server

VM Arguments:
java_command: com.bankmanagementsystem.gui.Dashboard
java_class_path (initial): C:\Users\HT\Documents\NetBeansProjects\Nexus_Bank\target\classes
Launcher Type: SUN_STANDARD

[Global flags]
     intx CICompilerCount                          = 3                                         {product} {ergonomic}
     uint ConcGCThreads                            = 1                                         {product} {ergonomic}
     uint G1ConcRefinementThreads                  = 4                                         {product} {ergonomic}
   size_t G1HeapRegionSize                         = 1048576                                   {product} {ergonomic}
    uintx GCDrainStackTargetSize                   = 64                                        {product} {ergonomic}
   size_t InitialHeapSize                          = 130023424                                 {product} {ergonomic}
   size_t MarkStackSize                            = 4194304                                   {product} {ergonomic}
   size_t MaxHeapSize                              = 2059403264                                {product} {ergonomic}
   size_t MaxNewSize                               = 1235222528                                {product} {ergonomic}
   size_t MinHeapDeltaBytes                        = 1048576                                   {product} {ergonomic}
   size_t MinHeapSize                              = 8388608                                   {product} {ergonomic}
    uintx NonNMethodCodeHeapSize                   = 5832780                                {pd product} {ergonomic}
    uintx NonProfiledCodeHeapSize                  = 122912730                              {pd product} {ergonomic}
    uintx ProfiledCodeHeapSize                     = 122912730                              {pd product} {ergonomic}
    uintx ReservedCodeCacheSize                    = 251658240                              {pd product} {ergonomic}
     bool SegmentedCodeCache                       = true                                      {product} {ergonomic}
   size_t SoftMaxHeapSize                          = 2059403264                             {manageable} {ergonomic}
     bool UseCompressedClassPointers               = true                           {product lp64_product} {ergonomic}
     bool UseCompressedOops                        = true                           {product lp64_product} {ergonomic}
     bool UseG1GC                                  = true                                      {product} {ergonomic}
     bool UseLargePagesIndividualAllocation        = false                                  {pd product} {ergonomic}

Logging:
Log output configuration:
 #0: stdout all=warning uptime,level,tags foldmultilines=false
 #1: stderr all=off uptime,level,tags foldmultilines=false

Environment Variables:
JAVA_HOME=C:\Program Files\Java\jdk-20
PATH=C:\Program Files (x86)\VMware\VMware Workstation\bin\;C:\Program Files\Common Files\Oracle\Java\javapath;C:\WINDOWS\system32;C:\WINDOWS;C:\WINDOWS\System32\Wbem;C:\WINDOWS\System32\WindowsPowerShell\v1.0\;C:\WINDOWS\System32\OpenSSH\;C:\Program Files\Microsoft SQL Server\150\Tools\Binn\;C:\Users\HT\AppData\Local\Programs\Python\Python311;C:\Users\HT\AppData\Local\Programs\Python\Python311\Tools\scripts;C:\Users\HT\AppData\Local\Programs\Python\Python311\Tools\scripts;C:\Users\HT\AppData\Local\Programs\Python\Python311\Scripts;C:\Program Files (x86)\Microsoft SQL Server\160\DTS\Binn\;C:\Program Files (x86)\Microsoft SQL Server\160\Tools\Binn\;C:\Program Files\Microsoft SQL Server\160\Tools\Binn\;C:\Program Files\Microsoft SQL Server\Client SDK\ODBC\170\Tools\Binn\;C:\Program Files\Microsoft SQL Server\160\DTS\Binn\;C:\php-8.4.1;C:\Program Files\nodejs\;C:\Program Files\Git\cmd;C:\Program Files\MongoDB\Server\8.0\bin;C:\Program Files\PuTTY\;C:\Users\HT\AppData\Local\Microsoft\WindowsApps;C:\Users\HT\AppData\Local\Programs\Microsoft VS Code\bin;C:\Users\HT\AppData\Local\Programs\mongosh\;C:\Users\HT\AppData\Roaming\npm
USERNAME=HT
OS=Windows_NT
PROCESSOR_IDENTIFIER=Intel64 Family 6 Model 60 Stepping 3, GenuineIntel
TMP=C:\Users\HT\AppData\Local\Temp
TEMP=C:\Users\HT\AppData\Local\Temp




---------------  S Y S T E M  ---------------

OS:
 Windows 10 , 64 bit Build 19041 (10.0.19041.5794)
OS uptime: 0 days 11:42 hours

CPU: total 4 (initial active 4) (2 cores per cpu, 2 threads per core) family 6 model 60 stepping 3 microcode 0x27, cx8, cmov, fxsr, ht, mmx, sse, sse2, sse3, ssse3, sse4.1, sse4.2, popcnt, lzcnt, tsc, tscinvbit, avx, avx2, aes, erms, clmul, bmi1, bmi2, fma, vzeroupper, clflush, rdtscp, f16c

Memory: 4k page, system-wide physical 7849M (992M free)
TotalPageFile size 12986M (AvailPageFile size 0M)
current process WorkingSet (physical memory assigned to process): 73M, peak: 77M
current process commit charge ("private bytes"): 215M, peak: 219M

vm_info: Java HotSpot(TM) 64-Bit Server VM (20.0.2+9-78) for windows-amd64 JRE (20.0.2+9-78), built on 2023-06-14T10:08:48Z by "mach5one" with MS VC++ 17.1 (VS2022)

END.
